Using pre-set license
Built from '2022.3/staging' branch; Version is '2022.3.14f1 (eff2de9070d8) revision 15725278'; Using compiler version '192829333'; Build Type 'Release'
OS: 'Windows 10  (10.0.19045) 64bit Core' Language: 'ja' Physical Memory: 8118 MB
BatchMode: 1, IsHumanControllingUs: 0, StartBugReporterOnCrash: 0, Is64bit: 1, IsPro: 1

COMMAND LINE ARGUMENTS:
C:\Program Files\Unity\Hub\Editor\2022.3.14f1\Editor\Unity.exe
-adb2
-batchMode
-noUpm
-name
AssetImportWorker2
-projectPath
C:/Users/hirok/Documents/Unity/Effect_practice_2
-logFile
Logs/AssetImportWorker2.log
-srvPort
53916
Successfully changed project path to: C:/Users/hirok/Documents/Unity/Effect_practice_2
C:/Users/hirok/Documents/Unity/Effect_practice_2
[UnityMemory] Configuration Parameters - Can be set up in boot.config
    "memorysetup-bucket-allocator-granularity=16"
    "memorysetup-bucket-allocator-bucket-count=8"
    "memorysetup-bucket-allocator-block-size=33554432"
    "memorysetup-bucket-allocator-block-count=8"
    "memorysetup-main-allocator-block-size=16777216"
    "memorysetup-thread-allocator-block-size=16777216"
    "memorysetup-gfx-main-allocator-block-size=16777216"
    "memorysetup-gfx-thread-allocator-block-size=16777216"
    "memorysetup-cache-allocator-block-size=4194304"
    "memorysetup-typetree-allocator-block-size=2097152"
    "memorysetup-profiler-bucket-allocator-granularity=16"
    "memorysetup-profiler-bucket-allocator-bucket-count=8"
    "memorysetup-profiler-bucket-allocator-block-size=33554432"
    "memorysetup-profiler-bucket-allocator-block-count=8"
    "memorysetup-profiler-allocator-block-size=16777216"
    "memorysetup-profiler-editor-allocator-block-size=1048576"
    "memorysetup-temp-allocator-size-main=16777216"
    "memorysetup-job-temp-allocator-block-size=2097152"
    "memorysetup-job-temp-allocator-block-size-background=1048576"
    "memorysetup-job-temp-allocator-reduction-small-platforms=262144"
    "memorysetup-allocator-temp-initial-block-size-main=262144"
    "memorysetup-allocator-temp-initial-block-size-worker=262144"
    "memorysetup-temp-allocator-size-background-worker=32768"
    "memorysetup-temp-allocator-size-job-worker=262144"
    "memorysetup-temp-allocator-size-preload-manager=33554432"
    "memorysetup-temp-allocator-size-nav-mesh-worker=65536"
    "memorysetup-temp-allocator-size-audio-worker=65536"
    "memorysetup-temp-allocator-size-cloud-worker=32768"
    "memorysetup-temp-allocator-size-gi-baking-worker=262144"
    "memorysetup-temp-allocator-size-gfx=262144"
Player connection [3256] Host "[IP] 192.168.1.6 [Port] 0 [Flags] 2 [Guid] 3902252035 [EditorId] 3902252035 [Version] 1048832 [Id] WindowsEditor(7,LAPTOP-GADUI32U) [Debug] 1 [PackageName] WindowsEditor [ProjectName] Editor" joined multi-casting on [225.0.0.222:54997]...

Player connection [3256] Host "[IP] 192.168.1.6 [Port] 0 [Flags] 2 [Guid] 3902252035 [EditorId] 3902252035 [Version] 1048832 [Id] WindowsEditor(7,LAPTOP-GADUI32U) [Debug] 1 [PackageName] WindowsEditor [ProjectName] Editor" joined alternative multi-casting on [225.0.0.222:34997]...

[Physics::Module] Initialized MultithreadedJobDispatcher with 7 workers.
Refreshing native plugins compatible for Editor in 4680.43 ms, found 3 plugins.
Preloading 0 native plugins for Editor in 0.00 ms.
Initialize engine version: 2022.3.14f1 (eff2de9070d8)
[Subsystems] Discovering subsystems at path C:/Program Files/Unity/Hub/Editor/2022.3.14f1/Editor/Data/Resources/UnitySubsystems
[Subsystems] Discovering subsystems at path C:/Users/hirok/Documents/Unity/Effect_practice_2/Assets
GfxDevice: creating device client; threaded=0; jobified=0
Direct3D:
    Version:  Direct3D 11.0 [level 11.1]
    Renderer: Intel(R) UHD Graphics 620 (ID=0x5917)
    Vendor:   Intel
    VRAM:     4059 MB
    Driver:   27.20.100.9416
Initialize mono
Mono path[0] = 'C:/Program Files/Unity/Hub/Editor/2022.3.14f1/Editor/Data/Managed'
Mono path[1] = 'C:/Program Files/Unity/Hub/Editor/2022.3.14f1/Editor/Data/MonoBleedingEdge/lib/mono/unityjit-win32'
Mono config path = 'C:/Program Files/Unity/Hub/Editor/2022.3.14f1/Editor/Data/MonoBleedingEdge/etc'
Using monoOptions --debugger-agent=transport=dt_socket,embedding=1,server=y,suspend=n,address=127.0.0.1:56220
Begin MonoManager ReloadAssembly
Registering precompiled unity dll's ...
Register platform support module: C:/Program Files/Unity/Hub/Editor/2022.3.14f1/Editor/Data/PlaybackEngines/WindowsStandaloneSupport/UnityEditor.WindowsStandalone.Extensions.dll
Registered in 0.384159 seconds.
- Loaded All Assemblies, in 16.625 seconds
Native extension for WindowsStandalone target not found
Mono: successfully reloaded assembly
- Finished resetting the current domain, in  1.322 seconds
Domain Reload Profiling: 17944ms
	BeginReloadAssembly (11099ms)
		ExecutionOrderSort (0ms)
		DisableScriptedObjects (0ms)
		BackupInstance (0ms)
		ReleaseScriptingObjects (0ms)
		CreateAndSetChildDomain (5ms)
	RebuildCommonClasses (1419ms)
	RebuildNativeTypeToScriptingClass (31ms)
	initialDomainReloadingComplete (582ms)
	LoadAllAssembliesAndSetupDomain (3489ms)
		LoadAssemblies (11085ms)
		RebuildTransferFunctionScriptingTraits (0ms)
		AnalyzeDomain (3481ms)
			TypeCache.Refresh (3476ms)
				TypeCache.ScanAssembly (2120ms)
			ScanForSourceGeneratedMonoScriptInfo (1ms)
			ResolveRequiredComponents (1ms)
	FinalizeReload (1324ms)
		ReleaseScriptCaches (0ms)
		RebuildScriptCaches (0ms)
		SetupLoadedEditorAssemblies (1051ms)
			LogAssemblyErrors (0ms)
			InitializePlatformSupportModulesInManaged (51ms)
			SetLoadedEditorAssemblies (22ms)
			RefreshPlugins (0ms)
			BeforeProcessingInitializeOnLoad (8ms)
			ProcessInitializeOnLoadAttributes (732ms)
			ProcessInitializeOnLoadMethodAttributes (238ms)
			AfterProcessingInitializeOnLoad (0ms)
			EditorAssembliesLoaded (0ms)
		ExecutionOrderSort2 (0ms)
		AwakeInstancesAfterBackupRestoration (0ms)
========================================================================
Worker process is ready to serve import requests
Begin MonoManager ReloadAssembly
- Loaded All Assemblies, in 21.333 seconds
Refreshing native plugins compatible for Editor in 21.82 ms, found 3 plugins.
Native extension for WindowsStandalone target not found
Package Manager log level set to [2]
[Package Manager] Server::EnsureServerProcessIsRunning -- launch failed, reason: Unity was launched with the -noUpm command-line argument
[Package Manager] UpmClient::Send -- Unable to send message (not connected to UPM process).
[Package Manager] Cannot connect to Unity Package Manager local server
Mono: successfully reloaded assembly
- Finished resetting the current domain, in  4.798 seconds
Domain Reload Profiling: 26124ms
	BeginReloadAssembly (552ms)
		ExecutionOrderSort (0ms)
		DisableScriptedObjects (30ms)
		BackupInstance (0ms)
		ReleaseScriptingObjects (0ms)
		CreateAndSetChildDomain (42ms)
	RebuildCommonClasses (124ms)
	RebuildNativeTypeToScriptingClass (41ms)
	initialDomainReloadingComplete (130ms)
	LoadAllAssembliesAndSetupDomain (20477ms)
		LoadAssemblies (18104ms)
		RebuildTransferFunctionScriptingTraits (0ms)
		AnalyzeDomain (2735ms)
			TypeCache.Refresh (2549ms)
				TypeCache.ScanAssembly (2319ms)
			ScanForSourceGeneratedMonoScriptInfo (129ms)
			ResolveRequiredComponents (52ms)
	FinalizeReload (4799ms)
		ReleaseScriptCaches (0ms)
		RebuildScriptCaches (0ms)
		SetupLoadedEditorAssemblies (4086ms)
			LogAssemblyErrors (0ms)
			InitializePlatformSupportModulesInManaged (30ms)
			SetLoadedEditorAssemblies (14ms)
			RefreshPlugins (0ms)
			BeforeProcessingInitializeOnLoad (391ms)
			ProcessInitializeOnLoadAttributes (2202ms)
			ProcessInitializeOnLoadMethodAttributes (1414ms)
			AfterProcessingInitializeOnLoad (35ms)
			EditorAssembliesLoaded (1ms)
		ExecutionOrderSort2 (0ms)
		AwakeInstancesAfterBackupRestoration (29ms)
Launched and connected shader compiler UnityShaderCompiler.exe after 0.33 seconds
Refreshing native plugins compatible for Editor in 10.98 ms, found 3 plugins.
Preloading 0 native plugins for Editor in 0.00 ms.
Unloading 5473 Unused Serialized files (Serialized files now loaded: 0)
Unloading 95 unused Assets / (0.8 MB). Loaded Objects now: 5923.
Memory consumption went from 214.5 MB to 213.7 MB.
Total: 7.858700 ms (FindLiveObjects: 0.618000 ms CreateObjectMapping: 0.813200 ms MarkObjects: 5.555400 ms  DeleteObjects: 0.870600 ms)

AssetImportParameters requested are different than current active one (requested -> active):
  custom:container-demuxer-ogg: 62fdf1f143b41e24485cea50d1cbac27 -> 
  custom:video-codec-MediaFoundation-h265: 746d11721c4dcdbdad8f713fa42b33f4 -> 
  custom:video-decoder-ogg-theora: a1e56fd34408186e4bbccfd4996cb3dc -> 
  custom:framework-win-MediaFoundation: 216162199b28c13a410421893ffa2e32 -> 
  custom:CustomObjectIndexerAttribute: a3ef5dd2817f97addfee359851a9dba5 -> 
  custom:container-demuxer-webm: 4f35f7cbe854078d1ac9338744f61a02 -> 
  custom:container-muxer-webm: aa71ff27fc2769a1b78a27578f13a17b -> 
  custom:video-decoder-webm-vp8: 9c59270c3fd7afecdb556c50c9e8de78 -> 
  custom:SearchIndexIgnoredProperties: e643bd26f0fe6173181afceb89e7c659 -> 
  custom:AudioImporter_EditorPlatform: d09bf68614088b80899f8185d706f6e7 -> 
  custom:video-encoder-webm-vp8: eb34c28f22e8b96e1ab97ce403110664 -> 
  custom:audio-decoder-ogg-vorbis: bf7c407c2cedff20999df2af8eb42d56 -> 
  custom:audio-encoder-webm-vorbis: bf7c407c2cedff20999df2af8eb42d56 -> 
========================================================================
Received Import Request.
  Time since last request: 226814.533003 seconds.
  path: Assets/Prefabs/FX_Guard.prefab
  artifactKey: Guid(d6a6c5947b7bc5548b1f12f62f282c58) Importer(815301076,1909f56bfc062723c751e8b465ee728b)
Start importing Assets/Prefabs/FX_Guard.prefab using Guid(d6a6c5947b7bc5548b1f12f62f282c58) Importer(815301076,1909f56bfc062723c751e8b465ee728b)  -> (artifact id: '3982c1723d51186a560f9127b80437ec') in 0.514777 seconds
Number of updated asset objects reloaded before import = 0
Number of asset objects unloaded after import = 7
========================================================================
Received Import Request.
  Time since last request: 106.701798 seconds.
  path: Assets/Lesson04/Models/SM_lesson04_hemisphere01.fbx
  artifactKey: Guid(218d227dadb466e458a9ddad4e2703db) Importer(815301076,1909f56bfc062723c751e8b465ee728b)
Start importing Assets/Lesson04/Models/SM_lesson04_hemisphere01.fbx using Guid(218d227dadb466e458a9ddad4e2703db) Importer(815301076,1909f56bfc062723c751e8b465ee728b)  -> (artifact id: '2791d06f65533231cde75354c33f99b4') in 4.883528 seconds
Number of updated asset objects reloaded before import = 0
Number of asset objects unloaded after import = 8
========================================================================
Received Import Request.
  Time since last request: 312.661840 seconds.
  path: Assets/Scenes/SampleScene.unity
  artifactKey: Guid(99c9720ab356a0642a771bea13969a05) Importer(815301076,1909f56bfc062723c751e8b465ee728b)
Start importing Assets/Scenes/SampleScene.unity using Guid(99c9720ab356a0642a771bea13969a05) Importer(815301076,1909f56bfc062723c751e8b465ee728b)  -> (artifact id: '0f53e2e5b2a6c20966e872fc1ef2388d') in 0.001540 seconds
Number of updated asset objects reloaded before import = 0
Number of asset objects unloaded after import = 0
========================================================================
Received Import Request.
  Time since last request: 1101.094812 seconds.
  path: Assets/Lesson04/Textures/T_lesson04_flare02.png
  artifactKey: Guid(d0cd6fe6d2c15c748b16eda5c6740a71) Importer(815301076,1909f56bfc062723c751e8b465ee728b)
Start importing Assets/Lesson04/Textures/T_lesson04_flare02.png using Guid(d0cd6fe6d2c15c748b16eda5c6740a71) Importer(815301076,1909f56bfc062723c751e8b465ee728b)  -> (artifact id: '36832fc1ff96c884c8d487f38b1c41f2') in 0.649861 seconds
Number of updated asset objects reloaded before import = 0
Number of asset objects unloaded after import = 2
========================================================================
Received Import Request.
  Time since last request: 297.022210 seconds.
  path: Assets/Lesson04/Textures/T_lesson04_base01.png
  artifactKey: Guid(bfe5f701fce28ca4ebb7e6f46735fc01) Importer(815301076,1909f56bfc062723c751e8b465ee728b)
Start importing Assets/Lesson04/Textures/T_lesson04_base01.png using Guid(bfe5f701fce28ca4ebb7e6f46735fc01) Importer(815301076,1909f56bfc062723c751e8b465ee728b)  -> (artifact id: '3318092f773579a37c5e3b565a58d7ef') in 0.096409 seconds
Number of updated asset objects reloaded before import = 0
Number of asset objects unloaded after import = 2
========================================================================
Received Import Request.
  Time since last request: 0.000502 seconds.
  path: Assets/Lesson04/Textures/T_lesson04_shockwave01.png
  artifactKey: Guid(11731fb3a82710f45be99672b0b1ccaa) Importer(815301076,1909f56bfc062723c751e8b465ee728b)
Start importing Assets/Lesson04/Textures/T_lesson04_shockwave01.png using Guid(11731fb3a82710f45be99672b0b1ccaa) Importer(815301076,1909f56bfc062723c751e8b465ee728b)  -> (artifact id: 'd3ccf1876b353871ac70f4fdc9d46018') in 0.071567 seconds
Number of updated asset objects reloaded before import = 0
Number of asset objects unloaded after import = 2
========================================================================
Received Import Request.
  Time since last request: 0.000323 seconds.
  path: Assets/Lesson04/Textures/T_lesson04_trail01.png
  artifactKey: Guid(64223cde4cc63594aa221340e9346a35) Importer(815301076,1909f56bfc062723c751e8b465ee728b)
Start importing Assets/Lesson04/Textures/T_lesson04_trail01.png using Guid(64223cde4cc63594aa221340e9346a35) Importer(815301076,1909f56bfc062723c751e8b465ee728b)  -> (artifact id: '3cb3a5b25f2fa4fe7249d71cb55487b6') in 0.090005 seconds
Number of updated asset objects reloaded before import = 0
Number of asset objects unloaded after import = 2
========================================================================
Received Import Request.
  Time since last request: 0.000322 seconds.
  path: Assets/Lesson04/Textures/T_lesson04_trail02.png
  artifactKey: Guid(ce8e075ccf8b4ee4992682ad60a6c928) Importer(815301076,1909f56bfc062723c751e8b465ee728b)
Start importing Assets/Lesson04/Textures/T_lesson04_trail02.png using Guid(ce8e075ccf8b4ee4992682ad60a6c928) Importer(815301076,1909f56bfc062723c751e8b465ee728b)  -> (artifact id: '7230b16787a2017db4613b323d91c352') in 0.062054 seconds
Number of updated asset objects reloaded before import = 0
Number of asset objects unloaded after import = 2
