Using pre-set license
Built from '2022.3/staging' branch; Version is '2022.3.14f1 (eff2de9070d8) revision 15725278'; Using compiler version '192829333'; Build Type 'Release'
OS: 'Windows 10  (10.0.19045) 64bit Core' Language: 'ja' Physical Memory: 8118 MB
BatchMode: 1, IsHumanControllingUs: 0, StartBugReporterOnCrash: 0, Is64bit: 1, IsPro: 1

COMMAND LINE ARGUMENTS:
C:\Program Files\Unity\Hub\Editor\2022.3.14f1\Editor\Unity.exe
-adb2
-batchMode
-noUpm
-name
AssetImportWorker0
-projectPath
C:/Users/hirok/Documents/Unity/Effect_practice_2
-logFile
Logs/AssetImportWorker0.log
-srvPort
53916
Successfully changed project path to: C:/Users/hirok/Documents/Unity/Effect_practice_2
C:/Users/hirok/Documents/Unity/Effect_practice_2
[UnityMemory] Configuration Parameters - Can be set up in boot.config
    "memorysetup-bucket-allocator-granularity=16"
    "memorysetup-bucket-allocator-bucket-count=8"
    "memorysetup-bucket-allocator-block-size=33554432"
    "memorysetup-bucket-allocator-block-count=8"
    "memorysetup-main-allocator-block-size=16777216"
    "memorysetup-thread-allocator-block-size=16777216"
    "memorysetup-gfx-main-allocator-block-size=16777216"
    "memorysetup-gfx-thread-allocator-block-size=16777216"
    "memorysetup-cache-allocator-block-size=4194304"
    "memorysetup-typetree-allocator-block-size=2097152"
    "memorysetup-profiler-bucket-allocator-granularity=16"
    "memorysetup-profiler-bucket-allocator-bucket-count=8"
    "memorysetup-profiler-bucket-allocator-block-size=33554432"
    "memorysetup-profiler-bucket-allocator-block-count=8"
    "memorysetup-profiler-allocator-block-size=16777216"
    "memorysetup-profiler-editor-allocator-block-size=1048576"
    "memorysetup-temp-allocator-size-main=16777216"
    "memorysetup-job-temp-allocator-block-size=2097152"
    "memorysetup-job-temp-allocator-block-size-background=1048576"
    "memorysetup-job-temp-allocator-reduction-small-platforms=262144"
    "memorysetup-allocator-temp-initial-block-size-main=262144"
    "memorysetup-allocator-temp-initial-block-size-worker=262144"
    "memorysetup-temp-allocator-size-background-worker=32768"
    "memorysetup-temp-allocator-size-job-worker=262144"
    "memorysetup-temp-allocator-size-preload-manager=33554432"
    "memorysetup-temp-allocator-size-nav-mesh-worker=65536"
    "memorysetup-temp-allocator-size-audio-worker=65536"
    "memorysetup-temp-allocator-size-cloud-worker=32768"
    "memorysetup-temp-allocator-size-gi-baking-worker=262144"
    "memorysetup-temp-allocator-size-gfx=262144"
Player connection [15364] Host "[IP] 192.168.1.6 [Port] 0 [Flags] 2 [Guid] 2564203307 [EditorId] 2564203307 [Version] 1048832 [Id] WindowsEditor(7,LAPTOP-GADUI32U) [Debug] 1 [PackageName] WindowsEditor [ProjectName] Editor" joined multi-casting on [225.0.0.222:54997]...

Player connection [15364] Host "[IP] 192.168.1.6 [Port] 0 [Flags] 2 [Guid] 2564203307 [EditorId] 2564203307 [Version] 1048832 [Id] WindowsEditor(7,LAPTOP-GADUI32U) [Debug] 1 [PackageName] WindowsEditor [ProjectName] Editor" joined alternative multi-casting on [225.0.0.222:34997]...

[Physics::Module] Initialized MultithreadedJobDispatcher with 7 workers.
Refreshing native plugins compatible for Editor in 59.94 ms, found 3 plugins.
Preloading 0 native plugins for Editor in 0.00 ms.
Initialize engine version: 2022.3.14f1 (eff2de9070d8)
[Subsystems] Discovering subsystems at path C:/Program Files/Unity/Hub/Editor/2022.3.14f1/Editor/Data/Resources/UnitySubsystems
[Subsystems] Discovering subsystems at path C:/Users/hirok/Documents/Unity/Effect_practice_2/Assets
GfxDevice: creating device client; threaded=0; jobified=0
Direct3D:
    Version:  Direct3D 11.0 [level 11.1]
    Renderer: Intel(R) UHD Graphics 620 (ID=0x5917)
    Vendor:   Intel
    VRAM:     4059 MB
    Driver:   27.20.100.9416
Initialize mono
Mono path[0] = 'C:/Program Files/Unity/Hub/Editor/2022.3.14f1/Editor/Data/Managed'
Mono path[1] = 'C:/Program Files/Unity/Hub/Editor/2022.3.14f1/Editor/Data/MonoBleedingEdge/lib/mono/unityjit-win32'
Mono config path = 'C:/Program Files/Unity/Hub/Editor/2022.3.14f1/Editor/Data/MonoBleedingEdge/etc'
Using monoOptions --debugger-agent=transport=dt_socket,embedding=1,server=y,suspend=n,address=127.0.0.1:56236
Begin MonoManager ReloadAssembly
Registering precompiled unity dll's ...
Register platform support module: C:/Program Files/Unity/Hub/Editor/2022.3.14f1/Editor/Data/PlaybackEngines/WindowsStandaloneSupport/UnityEditor.WindowsStandalone.Extensions.dll
Registered in 0.032882 seconds.
- Loaded All Assemblies, in  0.955 seconds
Native extension for WindowsStandalone target not found
Mono: successfully reloaded assembly
- Finished resetting the current domain, in  1.656 seconds
Domain Reload Profiling: 2609ms
	BeginReloadAssembly (330ms)
		ExecutionOrderSort (0ms)
		DisableScriptedObjects (0ms)
		BackupInstance (0ms)
		ReleaseScriptingObjects (0ms)
		CreateAndSetChildDomain (3ms)
	RebuildCommonClasses (83ms)
	RebuildNativeTypeToScriptingClass (24ms)
	initialDomainReloadingComplete (169ms)
	LoadAllAssembliesAndSetupDomain (344ms)
		LoadAssemblies (321ms)
		RebuildTransferFunctionScriptingTraits (0ms)
		AnalyzeDomain (340ms)
			TypeCache.Refresh (335ms)
				TypeCache.ScanAssembly (301ms)
			ScanForSourceGeneratedMonoScriptInfo (1ms)
			ResolveRequiredComponents (3ms)
	FinalizeReload (1657ms)
		ReleaseScriptCaches (0ms)
		RebuildScriptCaches (0ms)
		SetupLoadedEditorAssemblies (1488ms)
			LogAssemblyErrors (0ms)
			InitializePlatformSupportModulesInManaged (44ms)
			SetLoadedEditorAssemblies (189ms)
			RefreshPlugins (0ms)
			BeforeProcessingInitializeOnLoad (57ms)
			ProcessInitializeOnLoadAttributes (942ms)
			ProcessInitializeOnLoadMethodAttributes (255ms)
			AfterProcessingInitializeOnLoad (0ms)
			EditorAssembliesLoaded (1ms)
		ExecutionOrderSort2 (0ms)
		AwakeInstancesAfterBackupRestoration (0ms)
========================================================================
Worker process is ready to serve import requests
Begin MonoManager ReloadAssembly
- Loaded All Assemblies, in  1.948 seconds
Refreshing native plugins compatible for Editor in 10.55 ms, found 3 plugins.
Native extension for WindowsStandalone target not found
Package Manager log level set to [2]
[Package Manager] Server::EnsureServerProcessIsRunning -- launch failed, reason: Unity was launched with the -noUpm command-line argument
[Package Manager] UpmClient::Send -- Unable to send message (not connected to UPM process).
[Package Manager] Cannot connect to Unity Package Manager local server
Mono: successfully reloaded assembly
- Finished resetting the current domain, in  1.876 seconds
Domain Reload Profiling: 3821ms
	BeginReloadAssembly (355ms)
		ExecutionOrderSort (0ms)
		DisableScriptedObjects (12ms)
		BackupInstance (0ms)
		ReleaseScriptingObjects (0ms)
		CreateAndSetChildDomain (46ms)
	RebuildCommonClasses (77ms)
	RebuildNativeTypeToScriptingClass (19ms)
	initialDomainReloadingComplete (84ms)
	LoadAllAssembliesAndSetupDomain (1408ms)
		LoadAssemblies (1064ms)
		RebuildTransferFunctionScriptingTraits (0ms)
		AnalyzeDomain (544ms)
			TypeCache.Refresh (455ms)
				TypeCache.ScanAssembly (414ms)
			ScanForSourceGeneratedMonoScriptInfo (56ms)
			ResolveRequiredComponents (30ms)
	FinalizeReload (1878ms)
		ReleaseScriptCaches (0ms)
		RebuildScriptCaches (0ms)
		SetupLoadedEditorAssemblies (1436ms)
			LogAssemblyErrors (0ms)
			InitializePlatformSupportModulesInManaged (16ms)
			SetLoadedEditorAssemblies (6ms)
			RefreshPlugins (0ms)
			BeforeProcessingInitializeOnLoad (157ms)
			ProcessInitializeOnLoadAttributes (1080ms)
			ProcessInitializeOnLoadMethodAttributes (154ms)
			AfterProcessingInitializeOnLoad (22ms)
			EditorAssembliesLoaded (1ms)
		ExecutionOrderSort2 (0ms)
		AwakeInstancesAfterBackupRestoration (25ms)
Launched and connected shader compiler UnityShaderCompiler.exe after 0.10 seconds
Refreshing native plugins compatible for Editor in 14.68 ms, found 3 plugins.
Preloading 0 native plugins for Editor in 0.00 ms.
Unloading 5464 Unused Serialized files (Serialized files now loaded: 0)
Unloading 95 unused Assets / (0.8 MB). Loaded Objects now: 5910.
Memory consumption went from 214.0 MB to 213.2 MB.
Total: 15.029700 ms (FindLiveObjects: 2.768100 ms CreateObjectMapping: 0.942500 ms MarkObjects: 10.115400 ms  DeleteObjects: 1.200500 ms)

AssetImportParameters requested are different than current active one (requested -> active):
  custom:container-demuxer-ogg: 62fdf1f143b41e24485cea50d1cbac27 -> 
  custom:video-codec-MediaFoundation-h265: 746d11721c4dcdbdad8f713fa42b33f4 -> 
  custom:video-decoder-ogg-theora: a1e56fd34408186e4bbccfd4996cb3dc -> 
  custom:framework-win-MediaFoundation: 216162199b28c13a410421893ffa2e32 -> 
  custom:container-demuxer-webm: 4f35f7cbe854078d1ac9338744f61a02 -> 
  custom:container-muxer-webm: aa71ff27fc2769a1b78a27578f13a17b -> 
  custom:video-decoder-webm-vp8: 9c59270c3fd7afecdb556c50c9e8de78 -> 
  custom:AudioImporter_EditorPlatform: d09bf68614088b80899f8185d706f6e7 -> 
  custom:video-encoder-webm-vp8: eb34c28f22e8b96e1ab97ce403110664 -> 
  custom:audio-decoder-ogg-vorbis: bf7c407c2cedff20999df2af8eb42d56 -> 
  custom:audio-encoder-webm-vorbis: bf7c407c2cedff20999df2af8eb42d56 -> 
========================================================================
Received Import Request.
  Time since last request: 138162.425272 seconds.
  path: Assets/TutorialInfo/Icons/URP.png
  artifactKey: Guid(727a75301c3d24613a3ebcec4a24c2c8) Importer(815301076,1909f56bfc062723c751e8b465ee728b)
Start importing Assets/TutorialInfo/Icons/URP.png using Guid(727a75301c3d24613a3ebcec4a24c2c8) Importer(815301076,1909f56bfc062723c751e8b465ee728b)  -> (artifact id: 'b6f75080b2348af1136d8c866fd6a326') in 0.155515 seconds
Number of updated asset objects reloaded before import = 0
Number of asset objects unloaded after import = 2
========================================================================
Received Import Request.
  Time since last request: 9.225748 seconds.
  path: Packages/com.unity.ext.nunit/package.json
  artifactKey: Guid(8143d3a8390f2c64685e3bc272bd9e90) Importer(815301076,1909f56bfc062723c751e8b465ee728b)
Start importing Packages/com.unity.ext.nunit/package.json using Guid(8143d3a8390f2c64685e3bc272bd9e90) Importer(815301076,1909f56bfc062723c751e8b465ee728b)  -> (artifact id: '83627d28b64811678413ab8b4440aeeb') in 0.003768 seconds
Number of updated asset objects reloaded before import = 0
Number of asset objects unloaded after import = 1
========================================================================
Received Import Request.
  Time since last request: 2.194376 seconds.
  path: Packages/com.unity.ide.rider/package.json
  artifactKey: Guid(66c95bb3c74257f41bae2622511dc02d) Importer(815301076,1909f56bfc062723c751e8b465ee728b)
Start importing Packages/com.unity.ide.rider/package.json using Guid(66c95bb3c74257f41bae2622511dc02d) Importer(815301076,1909f56bfc062723c751e8b465ee728b)  -> (artifact id: 'd00f13e8ee6f25abaa1f9a10926c24e9') in 0.002875 seconds
Number of updated asset objects reloaded before import = 0
Number of asset objects unloaded after import = 1
========================================================================
Received Import Request.
  Time since last request: 15.796707 seconds.
  path: Assets/Settings/SampleSceneProfile.asset
  artifactKey: Guid(a6560a915ef98420e9faacc1c7438823) Importer(815301076,1909f56bfc062723c751e8b465ee728b)
Start importing Assets/Settings/SampleSceneProfile.asset using Guid(a6560a915ef98420e9faacc1c7438823) Importer(815301076,1909f56bfc062723c751e8b465ee728b)  -> (artifact id: '1b361753c69affde0771b0f5946dc5ff') in 0.008591 seconds
Number of updated asset objects reloaded before import = 0
Number of asset objects unloaded after import = 4
========================================================================
Received Import Request.
  Time since last request: 0.023980 seconds.
  path: Assets/Settings/URP-Balanced-Renderer.asset
  artifactKey: Guid(e634585d5c4544dd297acaee93dc2beb) Importer(815301076,1909f56bfc062723c751e8b465ee728b)
Start importing Assets/Settings/URP-Balanced-Renderer.asset using Guid(e634585d5c4544dd297acaee93dc2beb) Importer(815301076,1909f56bfc062723c751e8b465ee728b)  -> (artifact id: '742e9692ab296d9a105fe5df4a60ff73') in 0.005005 seconds
Number of updated asset objects reloaded before import = 0
Number of asset objects unloaded after import = 2
========================================================================
Received Import Request.
  Time since last request: 0.000770 seconds.
  path: Assets/Settings/URP-HighFidelity.asset
  artifactKey: Guid(7b7fd9122c28c4d15b667c7040e3b3fd) Importer(815301076,1909f56bfc062723c751e8b465ee728b)
Start importing Assets/Settings/URP-HighFidelity.asset using Guid(7b7fd9122c28c4d15b667c7040e3b3fd) Importer(815301076,1909f56bfc062723c751e8b465ee728b)  -> (artifact id: '61d519602f1eb64de9e3c7bf13707cc2') in 0.001422 seconds
Number of updated asset objects reloaded before import = 0
Number of asset objects unloaded after import = 0
========================================================================
Received Import Request.
  Time since last request: 0.000746 seconds.
  path: Assets/Settings/URP-Performant-Renderer.asset
  artifactKey: Guid(707360a9c581a4bd7aa53bfeb1429f71) Importer(815301076,1909f56bfc062723c751e8b465ee728b)
Start importing Assets/Settings/URP-Performant-Renderer.asset using Guid(707360a9c581a4bd7aa53bfeb1429f71) Importer(815301076,1909f56bfc062723c751e8b465ee728b)  -> (artifact id: 'bb2982116256b28d1ec38429e53eb6a6') in 0.004749 seconds
Number of updated asset objects reloaded before import = 0
Number of asset objects unloaded after import = 1
========================================================================
Received Import Request.
  Time since last request: 0.000835 seconds.
  path: Assets/Settings/URP-Performant.asset
  artifactKey: Guid(d0e2fc18fe036412f8223b3b3d9ad574) Importer(815301076,1909f56bfc062723c751e8b465ee728b)
Start importing Assets/Settings/URP-Performant.asset using Guid(d0e2fc18fe036412f8223b3b3d9ad574) Importer(815301076,1909f56bfc062723c751e8b465ee728b)  -> (artifact id: 'f36962070817ca5707bf7044222454d2') in 0.006189 seconds
Number of updated asset objects reloaded before import = 0
Number of asset objects unloaded after import = 2
========================================================================
Received Prepare
Refreshing native plugins compatible for Editor in 11.23 ms, found 3 plugins.
Preloading 0 native plugins for Editor in 0.00 ms.
Unloading 13 Unused Serialized files (Serialized files now loaded: 0)
Unloading 13 unused Assets / (0.8 MB). Loaded Objects now: 5913.
Memory consumption went from 107.7 MB to 106.9 MB.
Total: 7.440600 ms (FindLiveObjects: 0.724000 ms CreateObjectMapping: 0.592300 ms MarkObjects: 5.686900 ms  DeleteObjects: 0.436100 ms)

Prepare: number of updated asset objects reloaded= 0
AssetImportParameters requested are different than current active one (requested -> active):
  custom:container-demuxer-ogg: 62fdf1f143b41e24485cea50d1cbac27 -> 
  custom:video-codec-MediaFoundation-h265: 746d11721c4dcdbdad8f713fa42b33f4 -> 
  custom:video-decoder-ogg-theora: a1e56fd34408186e4bbccfd4996cb3dc -> 
  custom:framework-win-MediaFoundation: 216162199b28c13a410421893ffa2e32 -> 
  custom:CustomObjectIndexerAttribute: a3ef5dd2817f97addfee359851a9dba5 -> 
  custom:container-demuxer-webm: 4f35f7cbe854078d1ac9338744f61a02 -> 
  custom:container-muxer-webm: aa71ff27fc2769a1b78a27578f13a17b -> 
  custom:video-decoder-webm-vp8: 9c59270c3fd7afecdb556c50c9e8de78 -> 
  custom:SearchIndexIgnoredProperties: e643bd26f0fe6173181afceb89e7c659 -> 
  custom:AudioImporter_EditorPlatform: d09bf68614088b80899f8185d706f6e7 -> 
  custom:video-encoder-webm-vp8: eb34c28f22e8b96e1ab97ce403110664 -> 
  custom:audio-decoder-ogg-vorbis: bf7c407c2cedff20999df2af8eb42d56 -> 
  custom:audio-encoder-webm-vorbis: bf7c407c2cedff20999df2af8eb42d56 -> 
========================================================================
Received Prepare
Begin MonoManager ReloadAssembly
- Loaded All Assemblies, in  2.443 seconds
Refreshing native plugins compatible for Editor in 12.23 ms, found 3 plugins.
Native extension for WindowsStandalone target not found
[Package Manager] Server::EnsureServerProcessIsRunning -- launch failed, reason: Unity was launched with the -noUpm command-line argument
[Package Manager] UpmClient::Send -- Unable to send message (not connected to UPM process).
[Package Manager] Cannot connect to Unity Package Manager local server
Mono: successfully reloaded assembly
- Finished resetting the current domain, in  4.000 seconds
Domain Reload Profiling: 6431ms
	BeginReloadAssembly (568ms)
		ExecutionOrderSort (0ms)
		DisableScriptedObjects (13ms)
		BackupInstance (0ms)
		ReleaseScriptingObjects (1ms)
		CreateAndSetChildDomain (197ms)
	RebuildCommonClasses (86ms)
	RebuildNativeTypeToScriptingClass (39ms)
	initialDomainReloadingComplete (100ms)
	LoadAllAssembliesAndSetupDomain (1638ms)
		LoadAssemblies (1789ms)
		RebuildTransferFunctionScriptingTraits (0ms)
		AnalyzeDomain (130ms)
			TypeCache.Refresh (22ms)
				TypeCache.ScanAssembly (1ms)
			ScanForSourceGeneratedMonoScriptInfo (80ms)
			ResolveRequiredComponents (27ms)
	FinalizeReload (4001ms)
		ReleaseScriptCaches (0ms)
		RebuildScriptCaches (0ms)
		SetupLoadedEditorAssemblies (805ms)
			LogAssemblyErrors (0ms)
			InitializePlatformSupportModulesInManaged (19ms)
			SetLoadedEditorAssemblies (11ms)
			RefreshPlugins (0ms)
			BeforeProcessingInitializeOnLoad (145ms)
			ProcessInitializeOnLoadAttributes (522ms)
			ProcessInitializeOnLoadMethodAttributes (96ms)
			AfterProcessingInitializeOnLoad (12ms)
			EditorAssembliesLoaded (0ms)
		ExecutionOrderSort2 (0ms)
		AwakeInstancesAfterBackupRestoration (30ms)
Refreshing native plugins compatible for Editor in 8.06 ms, found 3 plugins.
Preloading 0 native plugins for Editor in 0.00 ms.
Unloading 5330 Unused Serialized files (Serialized files now loaded: 0)
Unloading 52 unused Assets / (0.8 MB). Loaded Objects now: 5938.
Memory consumption went from 192.1 MB to 191.3 MB.
Total: 9.334900 ms (FindLiveObjects: 0.907400 ms CreateObjectMapping: 0.679400 ms MarkObjects: 7.253300 ms  DeleteObjects: 0.493800 ms)

Prepare: number of updated asset objects reloaded= 0
AssetImportParameters requested are different than current active one (requested -> active):
  custom:container-demuxer-ogg: 62fdf1f143b41e24485cea50d1cbac27 -> 
  custom:video-codec-MediaFoundation-h265: 746d11721c4dcdbdad8f713fa42b33f4 -> 
  custom:video-decoder-ogg-theora: a1e56fd34408186e4bbccfd4996cb3dc -> 
  custom:framework-win-MediaFoundation: 216162199b28c13a410421893ffa2e32 -> 
  custom:CustomObjectIndexerAttribute: a3ef5dd2817f97addfee359851a9dba5 -> 
  custom:container-demuxer-webm: 4f35f7cbe854078d1ac9338744f61a02 -> 
  custom:container-muxer-webm: aa71ff27fc2769a1b78a27578f13a17b -> 
  custom:video-decoder-webm-vp8: 9c59270c3fd7afecdb556c50c9e8de78 -> 
  custom:SearchIndexIgnoredProperties: e643bd26f0fe6173181afceb89e7c659 -> 
  custom:AudioImporter_EditorPlatform: d09bf68614088b80899f8185d706f6e7 -> 
  custom:video-encoder-webm-vp8: eb34c28f22e8b96e1ab97ce403110664 -> 
  custom:audio-decoder-ogg-vorbis: bf7c407c2cedff20999df2af8eb42d56 -> 
  custom:audio-encoder-webm-vorbis: bf7c407c2cedff20999df2af8eb42d56 -> 
========================================================================
Received Import Request.
  Time since last request: 362.641826 seconds.
  path: Packages/com.unity.render-pipelines.universal/Runtime/Materials/ParticlesUnlit.mat
  artifactKey: Guid(e823cd5b5d27c0f4b8256e7c12ee3e6d) Importer(815301076,1909f56bfc062723c751e8b465ee728b)
Start importing Packages/com.unity.render-pipelines.universal/Runtime/Materials/ParticlesUnlit.mat using Guid(e823cd5b5d27c0f4b8256e7c12ee3e6d) Importer(815301076,1909f56bfc062723c751e8b465ee728b)  -> (artifact id: '0b434af9104d5a0bc2d140df4fd8c55d') in 0.770382 seconds
Number of updated asset objects reloaded before import = 0
Number of asset objects unloaded after import = 19
========================================================================
Received Import Request.
  Time since last request: 48.863366 seconds.
  path: Assets
  artifactKey: Guid(00000000000000001000000000000000) Importer(815301076,1909f56bfc062723c751e8b465ee728b)
Start importing Assets using Guid(00000000000000001000000000000000) Importer(815301076,1909f56bfc062723c751e8b465ee728b)  -> (artifact id: '8a4fe85251aa2e89732c359432baa2c3') in 0.001389 seconds
Number of updated asset objects reloaded before import = 0
Number of asset objects unloaded after import = 0
========================================================================
Received Import Request.
  Time since last request: 23.784399 seconds.
  path: Assets/Prefabs
  artifactKey: Guid(d2322ad509d53d24ca3805a9e243a468) Importer(815301076,1909f56bfc062723c751e8b465ee728b)
Start importing Assets/Prefabs using Guid(d2322ad509d53d24ca3805a9e243a468) Importer(815301076,1909f56bfc062723c751e8b465ee728b)  -> (artifact id: '969a1ffa87820cd62714199bc973ee27') in 0.001235 seconds
Number of updated asset objects reloaded before import = 0
Number of asset objects unloaded after import = 0
========================================================================
Received Import Request.
  Time since last request: 4.534348 seconds.
  path: Assets/Prefabs/FX_Leaf.prefab
  artifactKey: Guid(1ae27dce9e0b1b846a667245c4bd7ff9) Importer(815301076,1909f56bfc062723c751e8b465ee728b)
Start importing Assets/Prefabs/FX_Leaf.prefab using Guid(1ae27dce9e0b1b846a667245c4bd7ff9) Importer(815301076,1909f56bfc062723c751e8b465ee728b)  -> (artifact id: '49db08b0909a7e3860504d76b682fcf1') in 0.070711 seconds
Number of updated asset objects reloaded before import = 0
Number of asset objects unloaded after import = 9
========================================================================
Received Import Request.
  Time since last request: 924.801796 seconds.
  path: Assets/Lesson04/Materials/M_lesson04_base01.mat
  artifactKey: Guid(4266bb1ad4cad374e935106e727032b4) Importer(815301076,1909f56bfc062723c751e8b465ee728b)
Start importing Assets/Lesson04/Materials/M_lesson04_base01.mat using Guid(4266bb1ad4cad374e935106e727032b4) Importer(815301076,1909f56bfc062723c751e8b465ee728b)  -> (artifact id: '85ecfd104e40bf085a26df1ff65638f4') in 0.414758 seconds
Number of updated asset objects reloaded before import = 0
Number of asset objects unloaded after import = 3
========================================================================
Received Import Request.
  Time since last request: 0.000099 seconds.
  path: Assets/Lesson04/Materials/M_lesson04_trail02.mat
  artifactKey: Guid(95f5770ec436c7a49af5265525dba796) Importer(815301076,1909f56bfc062723c751e8b465ee728b)
Start importing Assets/Lesson04/Materials/M_lesson04_trail02.mat using Guid(95f5770ec436c7a49af5265525dba796) Importer(815301076,1909f56bfc062723c751e8b465ee728b)  -> (artifact id: '5d82712901010c8af37e9d1760e27af9') in 0.091642 seconds
Number of updated asset objects reloaded before import = 0
Number of asset objects unloaded after import = 3
========================================================================
Received Import Request.
  Time since last request: 0.000270 seconds.
  path: Assets/Lesson04/Materials/M_lesson04_shockwave01.mat
  artifactKey: Guid(df3263f9f8cd9324aabe5fe83e13500c) Importer(815301076,1909f56bfc062723c751e8b465ee728b)
Start importing Assets/Lesson04/Materials/M_lesson04_shockwave01.mat using Guid(df3263f9f8cd9324aabe5fe83e13500c) Importer(815301076,1909f56bfc062723c751e8b465ee728b)  -> (artifact id: '189d62e0487a7e2eaded9cb22fbba25c') in 0.052242 seconds
Number of updated asset objects reloaded before import = 0
Number of asset objects unloaded after import = 3
========================================================================
Received Import Request.
  Time since last request: 0.000036 seconds.
  path: Assets/Lesson04/Materials/M_lesson04_leaf01.mat
  artifactKey: Guid(adebdaa3eaa441049bea92c41aa7d318) Importer(815301076,1909f56bfc062723c751e8b465ee728b)
Start importing Assets/Lesson04/Materials/M_lesson04_leaf01.mat using Guid(adebdaa3eaa441049bea92c41aa7d318) Importer(815301076,1909f56bfc062723c751e8b465ee728b)  -> (artifact id: 'b2aa2c4b6fe36962004479a6562cb09d') in 0.044819 seconds
Number of updated asset objects reloaded before import = 0
Number of asset objects unloaded after import = 3
========================================================================
Received Import Request.
  Time since last request: 0.000151 seconds.
  path: Assets/Lesson04/Materials/M_lesson04_trail01.mat
  artifactKey: Guid(527d919fa80a1b74d962f4ea77af8b18) Importer(815301076,1909f56bfc062723c751e8b465ee728b)
Start importing Assets/Lesson04/Materials/M_lesson04_trail01.mat using Guid(527d919fa80a1b74d962f4ea77af8b18) Importer(815301076,1909f56bfc062723c751e8b465ee728b)  -> (artifact id: 'ed5086b647f203660db04074146214ba') in 0.039157 seconds
Number of updated asset objects reloaded before import = 0
Number of asset objects unloaded after import = 3
========================================================================
Received Import Request.
  Time since last request: 0.000294 seconds.
  path: Assets/Lesson04/Materials/M_lesson04_impact01.mat
  artifactKey: Guid(d503187f84537f94ea1ee5b3bc835998) Importer(815301076,1909f56bfc062723c751e8b465ee728b)
Start importing Assets/Lesson04/Materials/M_lesson04_impact01.mat using Guid(d503187f84537f94ea1ee5b3bc835998) Importer(815301076,1909f56bfc062723c751e8b465ee728b)  -> (artifact id: '9eab4d98367bf9a44a4c49b8ed5d1195') in 0.031341 seconds
Number of updated asset objects reloaded before import = 0
Number of asset objects unloaded after import = 3
========================================================================
Received Import Request.
  Time since last request: 0.000293 seconds.
  path: Assets/Lesson04/Materials/M_lesson04_flare02.mat
  artifactKey: Guid(0f2d04647ff26b6408caccf677ef03d2) Importer(815301076,1909f56bfc062723c751e8b465ee728b)
Start importing Assets/Lesson04/Materials/M_lesson04_flare02.mat using Guid(0f2d04647ff26b6408caccf677ef03d2) Importer(815301076,1909f56bfc062723c751e8b465ee728b)  -> (artifact id: 'fa5aa7f7a3fe380d963bd52b20a4f69e') in 0.045735 seconds
Number of updated asset objects reloaded before import = 0
Number of asset objects unloaded after import = 3
========================================================================
Received Import Request.
  Time since last request: 3.842955 seconds.
  path: Assets/Lesson04/Textures/T_lesson04_impact01.png
  artifactKey: Guid(bf20ada76b7e87249a4b06d5cb388706) Importer(815301076,1909f56bfc062723c751e8b465ee728b)
Start importing Assets/Lesson04/Textures/T_lesson04_impact01.png using Guid(bf20ada76b7e87249a4b06d5cb388706) Importer(815301076,1909f56bfc062723c751e8b465ee728b)  -> (artifact id: 'aedf7d18928a9b4cb6763d0307fa61e2') in 0.701812 seconds
Number of updated asset objects reloaded before import = 0
Number of asset objects unloaded after import = 2
========================================================================
Received Import Request.
  Time since last request: 6.419836 seconds.
  path: Assets/Lesson04/Textures/T_lesson04_leaf01.png
  artifactKey: Guid(20e04da7f03fedb4b9ae989d8b32ee2f) Importer(815301076,1909f56bfc062723c751e8b465ee728b)
Start importing Assets/Lesson04/Textures/T_lesson04_leaf01.png using Guid(20e04da7f03fedb4b9ae989d8b32ee2f) Importer(815301076,1909f56bfc062723c751e8b465ee728b)  -> (artifact id: '3545d93778d765800015467c25b058b3') in 0.047710 seconds
Number of updated asset objects reloaded before import = 0
Number of asset objects unloaded after import = 2
========================================================================
Received Prepare
Begin MonoManager ReloadAssembly
- Loaded All Assemblies, in 13.460 seconds
Refreshing native plugins compatible for Editor in 11.37 ms, found 3 plugins.
Native extension for WindowsStandalone target not found
[Package Manager] Server::EnsureServerProcessIsRunning -- launch failed, reason: Unity was launched with the -noUpm command-line argument
[Package Manager] UpmClient::Send -- Unable to send message (not connected to UPM process).
[Package Manager] Cannot connect to Unity Package Manager local server
Mono: successfully reloaded assembly
- Finished resetting the current domain, in 25.074 seconds
Domain Reload Profiling: 38514ms
	BeginReloadAssembly (2503ms)
		ExecutionOrderSort (0ms)
		DisableScriptedObjects (516ms)
		BackupInstance (0ms)
		ReleaseScriptingObjects (2ms)
		CreateAndSetChildDomain (1243ms)
	RebuildCommonClasses (649ms)
	RebuildNativeTypeToScriptingClass (94ms)
	initialDomainReloadingComplete (219ms)
	LoadAllAssembliesAndSetupDomain (9973ms)
		LoadAssemblies (10377ms)
		RebuildTransferFunctionScriptingTraits (0ms)
		AnalyzeDomain (49ms)
			TypeCache.Refresh (22ms)
				TypeCache.ScanAssembly (0ms)
			ScanForSourceGeneratedMonoScriptInfo (0ms)
			ResolveRequiredComponents (25ms)
	FinalizeReload (25075ms)
		ReleaseScriptCaches (0ms)
		RebuildScriptCaches (0ms)
		SetupLoadedEditorAssemblies (854ms)
			LogAssemblyErrors (0ms)
			InitializePlatformSupportModulesInManaged (15ms)
			SetLoadedEditorAssemblies (8ms)
			RefreshPlugins (0ms)
			BeforeProcessingInitializeOnLoad (142ms)
			ProcessInitializeOnLoadAttributes (554ms)
			ProcessInitializeOnLoadMethodAttributes (118ms)
			AfterProcessingInitializeOnLoad (14ms)
			EditorAssembliesLoaded (2ms)
		ExecutionOrderSort2 (0ms)
		AwakeInstancesAfterBackupRestoration (38ms)
Refreshing native plugins compatible for Editor in 8.05 ms, found 3 plugins.
Preloading 0 native plugins for Editor in 0.00 ms.
Unloading 5330 Unused Serialized files (Serialized files now loaded: 0)
Unloading 52 unused Assets / (0.8 MB). Loaded Objects now: 6036.
Memory consumption went from 199.4 MB to 198.6 MB.
Total: 10.595700 ms (FindLiveObjects: 0.813600 ms CreateObjectMapping: 0.598200 ms MarkObjects: 8.728900 ms  DeleteObjects: 0.453600 ms)

Prepare: number of updated asset objects reloaded= 0
AssetImportParameters requested are different than current active one (requested -> active):
  custom:container-demuxer-ogg: 62fdf1f143b41e24485cea50d1cbac27 -> 
  custom:video-codec-MediaFoundation-h265: 746d11721c4dcdbdad8f713fa42b33f4 -> 
  custom:video-decoder-ogg-theora: a1e56fd34408186e4bbccfd4996cb3dc -> 
  custom:framework-win-MediaFoundation: 216162199b28c13a410421893ffa2e32 -> 
  custom:CustomObjectIndexerAttribute: a3ef5dd2817f97addfee359851a9dba5 -> 
  custom:container-demuxer-webm: 4f35f7cbe854078d1ac9338744f61a02 -> 
  custom:container-muxer-webm: aa71ff27fc2769a1b78a27578f13a17b -> 
  custom:video-decoder-webm-vp8: 9c59270c3fd7afecdb556c50c9e8de78 -> 
  custom:SearchIndexIgnoredProperties: e643bd26f0fe6173181afceb89e7c659 -> 
  custom:AudioImporter_EditorPlatform: d09bf68614088b80899f8185d706f6e7 -> 
  custom:video-encoder-webm-vp8: eb34c28f22e8b96e1ab97ce403110664 -> 
  custom:audio-decoder-ogg-vorbis: bf7c407c2cedff20999df2af8eb42d56 -> 
  custom:audio-encoder-webm-vorbis: bf7c407c2cedff20999df2af8eb42d56 -> 
========================================================================
Received Import Request.
  Time since last request: 1744.407940 seconds.
  path: Assets/Lesson04/Scenes/Lesson04-3_FX_Guard_final.unity
  artifactKey: Guid(6b92a07c5bc08f74f8620c6f419161aa) Importer(815301076,1909f56bfc062723c751e8b465ee728b)
Start importing Assets/Lesson04/Scenes/Lesson04-3_FX_Guard_final.unity using Guid(6b92a07c5bc08f74f8620c6f419161aa) Importer(815301076,1909f56bfc062723c751e8b465ee728b)  -> (artifact id: '7874ea6026498f451b6a74ccc15d1922') in 0.007598 seconds
Number of updated asset objects reloaded before import = 0
Number of asset objects unloaded after import = 0
========================================================================
Received Import Request.
  Time since last request: 1.776136 seconds.
  path: Assets/Lesson04/Scenes/Lesson04-2_FX_StarDust_final.unity
  artifactKey: Guid(f84b9c60053aa9445bc52b163aa9cb58) Importer(815301076,1909f56bfc062723c751e8b465ee728b)
Start importing Assets/Lesson04/Scenes/Lesson04-2_FX_StarDust_final.unity using Guid(f84b9c60053aa9445bc52b163aa9cb58) Importer(815301076,1909f56bfc062723c751e8b465ee728b)  -> (artifact id: 'f2e6ee23a989008e7dc5adc3e2a9b49e') in 0.001375 seconds
Number of updated asset objects reloaded before import = 0
Number of asset objects unloaded after import = 0
========================================================================
Received Prepare
Begin MonoManager ReloadAssembly
- Loaded All Assemblies, in  0.857 seconds
Refreshing native plugins compatible for Editor in 7.30 ms, found 3 plugins.
Native extension for WindowsStandalone target not found
[Package Manager] Server::EnsureServerProcessIsRunning -- launch failed, reason: Unity was launched with the -noUpm command-line argument
[Package Manager] UpmClient::Send -- Unable to send message (not connected to UPM process).
[Package Manager] Cannot connect to Unity Package Manager local server
Mono: successfully reloaded assembly
- Finished resetting the current domain, in  4.723 seconds
Domain Reload Profiling: 5573ms
	BeginReloadAssembly (253ms)
		ExecutionOrderSort (0ms)
		DisableScriptedObjects (6ms)
		BackupInstance (0ms)
		ReleaseScriptingObjects (0ms)
		CreateAndSetChildDomain (52ms)
	RebuildCommonClasses (45ms)
	RebuildNativeTypeToScriptingClass (19ms)
	initialDomainReloadingComplete (53ms)
	LoadAllAssembliesAndSetupDomain (479ms)
		LoadAssemblies (593ms)
		RebuildTransferFunctionScriptingTraits (0ms)
		AnalyzeDomain (36ms)
			TypeCache.Refresh (10ms)
				TypeCache.ScanAssembly (0ms)
			ScanForSourceGeneratedMonoScriptInfo (0ms)
			ResolveRequiredComponents (24ms)
	FinalizeReload (4724ms)
		ReleaseScriptCaches (0ms)
		RebuildScriptCaches (0ms)
		SetupLoadedEditorAssemblies (1587ms)
			LogAssemblyErrors (0ms)
			InitializePlatformSupportModulesInManaged (26ms)
			SetLoadedEditorAssemblies (12ms)
			RefreshPlugins (0ms)
			BeforeProcessingInitializeOnLoad (220ms)
			ProcessInitializeOnLoadAttributes (1124ms)
			ProcessInitializeOnLoadMethodAttributes (174ms)
			AfterProcessingInitializeOnLoad (30ms)
			EditorAssembliesLoaded (1ms)
		ExecutionOrderSort2 (0ms)
		AwakeInstancesAfterBackupRestoration (66ms)
Refreshing native plugins compatible for Editor in 7.25 ms, found 3 plugins.
Preloading 0 native plugins for Editor in 0.00 ms.
Unloading 5330 Unused Serialized files (Serialized files now loaded: 0)
Unloading 52 unused Assets / (0.8 MB). Loaded Objects now: 6052.
Memory consumption went from 201.4 MB to 200.6 MB.
Total: 5.029100 ms (FindLiveObjects: 0.572800 ms CreateObjectMapping: 0.470500 ms MarkObjects: 3.551000 ms  DeleteObjects: 0.433800 ms)

Prepare: number of updated asset objects reloaded= 0
AssetImportParameters requested are different than current active one (requested -> active):
  custom:container-demuxer-ogg: 62fdf1f143b41e24485cea50d1cbac27 -> 
  custom:video-codec-MediaFoundation-h265: 746d11721c4dcdbdad8f713fa42b33f4 -> 
  custom:video-decoder-ogg-theora: a1e56fd34408186e4bbccfd4996cb3dc -> 
  custom:framework-win-MediaFoundation: 216162199b28c13a410421893ffa2e32 -> 
  custom:CustomObjectIndexerAttribute: a3ef5dd2817f97addfee359851a9dba5 -> 
  custom:container-demuxer-webm: 4f35f7cbe854078d1ac9338744f61a02 -> 
  custom:container-muxer-webm: aa71ff27fc2769a1b78a27578f13a17b -> 
  custom:video-decoder-webm-vp8: 9c59270c3fd7afecdb556c50c9e8de78 -> 
  custom:SearchIndexIgnoredProperties: e643bd26f0fe6173181afceb89e7c659 -> 
  custom:AudioImporter_EditorPlatform: d09bf68614088b80899f8185d706f6e7 -> 
  custom:video-encoder-webm-vp8: eb34c28f22e8b96e1ab97ce403110664 -> 
  custom:audio-decoder-ogg-vorbis: bf7c407c2cedff20999df2af8eb42d56 -> 
  custom:audio-encoder-webm-vorbis: bf7c407c2cedff20999df2af8eb42d56 -> 
========================================================================
Received Import Request.
  Time since last request: 286.268086 seconds.
  path: Assets/Scenes
  artifactKey: Guid(1f531fc0cea63494ca6704796cefb7dd) Importer(815301076,1909f56bfc062723c751e8b465ee728b)
Start importing Assets/Scenes using Guid(1f531fc0cea63494ca6704796cefb7dd) Importer(815301076,1909f56bfc062723c751e8b465ee728b)  -> (artifact id: '9d7e67d6e8753fbf911edb50da30c3b9') in 0.037881 seconds
Number of updated asset objects reloaded before import = 0
Number of asset objects unloaded after import = 0
========================================================================
Received Import Request.
  Time since last request: 0.764795 seconds.
  path: Assets/Scenes/SampleScene.unity
  artifactKey: Guid(99c9720ab356a0642a771bea13969a05) Importer(815301076,1909f56bfc062723c751e8b465ee728b)
Start importing Assets/Scenes/SampleScene.unity using Guid(99c9720ab356a0642a771bea13969a05) Importer(815301076,1909f56bfc062723c751e8b465ee728b)  -> (artifact id: '5fd2c657f93ec662c9306f462a92f4aa') in 0.001696 seconds
Number of updated asset objects reloaded before import = 0
Number of asset objects unloaded after import = 0
========================================================================
Received Import Request.
  Time since last request: 109.039786 seconds.
  path: Assets/Scenes/SampleScene.unity
  artifactKey: Guid(99c9720ab356a0642a771bea13969a05) Importer(815301076,1909f56bfc062723c751e8b465ee728b)
Start importing Assets/Scenes/SampleScene.unity using Guid(99c9720ab356a0642a771bea13969a05) Importer(815301076,1909f56bfc062723c751e8b465ee728b)  -> (artifact id: '62389fc1b2eee34e5e2472d2ba40b4e5') in 0.005794 seconds
Number of updated asset objects reloaded before import = 0
Number of asset objects unloaded after import = 0
========================================================================
Received Import Request.
  Time since last request: 120.564827 seconds.
  path: Assets/Lesson04/Prefabs/FX_Buff_final.prefab
  artifactKey: Guid(343520f7d89d67b4a94da9863fd447a9) Importer(815301076,1909f56bfc062723c751e8b465ee728b)
Start importing Assets/Lesson04/Prefabs/FX_Buff_final.prefab using Guid(343520f7d89d67b4a94da9863fd447a9) Importer(815301076,1909f56bfc062723c751e8b465ee728b)  -> (artifact id: 'b436dd6e5f4e2a9c68c7901aaf53660c') in 1.202002 seconds
Number of updated asset objects reloaded before import = 0
Number of asset objects unloaded after import = 57
========================================================================
Received Import Request.
  Time since last request: 0.000035 seconds.
  path: Assets/Lesson04/Prefabs/FX_Leaf_final.prefab
  artifactKey: Guid(06d9e83fc0014b8418296465f0d59e38) Importer(815301076,1909f56bfc062723c751e8b465ee728b)
Start importing Assets/Lesson04/Prefabs/FX_Leaf_final.prefab using Guid(06d9e83fc0014b8418296465f0d59e38) Importer(815301076,1909f56bfc062723c751e8b465ee728b)  -> (artifact id: 'fac8034b5fc281f4a99b9b987db420fd') in 0.057463 seconds
Number of updated asset objects reloaded before import = 0
Number of asset objects unloaded after import = 11
========================================================================
Received Import Request.
  Time since last request: 0.000081 seconds.
  path: Assets/Lesson04/Prefabs/FX_StarDust_final.prefab
  artifactKey: Guid(0d8866a780964c140bf894e8aa7df43b) Importer(815301076,1909f56bfc062723c751e8b465ee728b)
Start importing Assets/Lesson04/Prefabs/FX_StarDust_final.prefab using Guid(0d8866a780964c140bf894e8aa7df43b) Importer(815301076,1909f56bfc062723c751e8b465ee728b)  -> (artifact id: '71b50e65b39d5514840cb64d13ed3ada') in 0.057401 seconds
Number of updated asset objects reloaded before import = 0
Number of asset objects unloaded after import = 23
========================================================================
Received Import Request.
  Time since last request: 0.000069 seconds.
  path: Assets/Lesson04/Prefabs/FX_Light.prefab
  artifactKey: Guid(e49bd167d3a009e46b405c8d5a0f91df) Importer(815301076,1909f56bfc062723c751e8b465ee728b)
Start importing Assets/Lesson04/Prefabs/FX_Light.prefab using Guid(e49bd167d3a009e46b405c8d5a0f91df) Importer(815301076,1909f56bfc062723c751e8b465ee728b)  -> (artifact id: '77107576bd6d228c295e92bd98e27585') in 0.004741 seconds
Number of updated asset objects reloaded before import = 0
Number of asset objects unloaded after import = 5
========================================================================
Received Import Request.
  Time since last request: 0.000319 seconds.
  path: Assets/Lesson04/Prefabs/FX_Guard_final.prefab
  artifactKey: Guid(753ce51f22fa5814b85abbd7715bae0a) Importer(815301076,1909f56bfc062723c751e8b465ee728b)
Start importing Assets/Lesson04/Prefabs/FX_Guard_final.prefab using Guid(753ce51f22fa5814b85abbd7715bae0a) Importer(815301076,1909f56bfc062723c751e8b465ee728b)  -> (artifact id: '60f453ead210d5e3b9d2f9ee7c3b7743') in 0.145134 seconds
Number of updated asset objects reloaded before import = 0
Number of asset objects unloaded after import = 48
========================================================================
Received Import Request.
  Time since last request: 7.606558 seconds.
  path: Assets/Lesson04/Prefabs/FX_Guard_final.prefab
  artifactKey: Guid(753ce51f22fa5814b85abbd7715bae0a) Importer(815301076,1909f56bfc062723c751e8b465ee728b)
Start importing Assets/Lesson04/Prefabs/FX_Guard_final.prefab using Guid(753ce51f22fa5814b85abbd7715bae0a) Importer(815301076,1909f56bfc062723c751e8b465ee728b)  -> (artifact id: 'b7e9dd416362f88a73b937c091f0e5ad') in 0.043386 seconds
Number of updated asset objects reloaded before import = 0
Number of asset objects unloaded after import = 49
========================================================================
Received Import Request.
  Time since last request: 14.762874 seconds.
  path: Assets/Prefabs/FX_Leaf.prefab
  artifactKey: Guid(1ae27dce9e0b1b846a667245c4bd7ff9) Importer(815301076,1909f56bfc062723c751e8b465ee728b)
Start importing Assets/Prefabs/FX_Leaf.prefab using Guid(1ae27dce9e0b1b846a667245c4bd7ff9) Importer(815301076,1909f56bfc062723c751e8b465ee728b)  -> (artifact id: '2981b1cb30faa2e72b588363899af724') in 0.033428 seconds
Number of updated asset objects reloaded before import = 0
Number of asset objects unloaded after import = 11
========================================================================
Received Import Request.
  Time since last request: 4.367315 seconds.
  path: Assets/Prefabs/FX_ StarDust.prefab
  artifactKey: Guid(ffcfed24f0b98804ab646d610b4d4cb6) Importer(815301076,1909f56bfc062723c751e8b465ee728b)
Start importing Assets/Prefabs/FX_ StarDust.prefab using Guid(ffcfed24f0b98804ab646d610b4d4cb6) Importer(815301076,1909f56bfc062723c751e8b465ee728b)  -> (artifact id: '33f98f0c572659048c65c8f45b94cc9c') in 0.028942 seconds
Number of updated asset objects reloaded before import = 0
Number of asset objects unloaded after import = 11
TcpMessagingSession - receive error
